build/app/intermediates/manifest_merge_blame_file/debug/manifest-merger-blame-debug-report.txt
1<?xml version="1.0" encoding="utf-8"?>
2<manifest xmlns:android="http://schemas.android.com/apk/res/android"
3    package="br.com.gruporcarvalho.avarias"
4    android:versionCode="2"
5    android:versionName="1.0.0" >
6
7    <uses-sdk
8        android:minSdkVersion="16"
9        android:targetSdkVersion="28" />
10    <!--
11         Flutter needs it to communicate with the running application
12         to allow setting breakpoints, to provide hot reload, etc.
13    -->
14    <uses-permission android:name="android.permission.INTERNET" />
14-->src/main/AndroidManifest.xml:9:10-72
14-->src/main/AndroidManifest.xml:9:27-69
15    <!--
16     io.flutter.app.FlutterApplication is an android.app.Application that
17         calls FlutterMain.startInitialization(this); in its onCreate method.
18         In most cases you can leave this as-is, but you if you want to provide
19         additional functionality it is fine to subclass or reimplement
20         FlutterApplication and put your custom class here.
21    -->
22    <uses-permission android:name="android.permission.CAMERA" />
22-->src/main/AndroidManifest.xml:8:10-70
22-->src/main/AndroidManifest.xml:8:27-67
23    <uses-permission android:name="android.permission.VIBRATE" />
23-->[:vibration] AndroidManifest.xml:7:5-66
23-->[:vibration] AndroidManifest.xml:7:22-63
24
25    <uses-feature
25-->[:flutter_qr_bar_scanner] AndroidManifest.xml:9:5-11:35
26        android:name="android.hardware.camera.autofocus"
26-->[:flutter_qr_bar_scanner] AndroidManifest.xml:10:9-57
27        android:required="true" />
27-->[:flutter_qr_bar_scanner] AndroidManifest.xml:11:9-32
28
29    <application
29-->src/main/AndroidManifest.xml:10:5-50:19
30        android:name="io.flutter.app.FlutterApplication"
30-->src/main/AndroidManifest.xml:11:9-57
31        android:appComponentFactory="androidx.core.app.CoreComponentFactory"
31-->[androidx.core:core:1.1.0] AndroidManifest.xml:24:18-86
32        android:debuggable="true"
33        android:icon="@mipmap/ic_launcher"
33-->src/main/AndroidManifest.xml:13:9-43
34        android:label="Avarias" >
34-->src/main/AndroidManifest.xml:12:9-32
35        <meta-data
35-->src/main/AndroidManifest.xml:14:9-121
36            android:name="com.google.android.gms.version"
36-->src/main/AndroidManifest.xml:14:20-65
37            android:value="@integer/google_play_services_version" />
37-->src/main/AndroidManifest.xml:14:66-119
38        <meta-data
38-->src/main/AndroidManifest.xml:15:9-103
39            android:name="com.google.android.gms.vision.DEPENDENCIES"
39-->src/main/AndroidManifest.xml:15:20-77
40            android:value="barcode" />
40-->src/main/AndroidManifest.xml:15:78-101
41
42        <activity
42-->src/main/AndroidManifest.xml:16:9-44:20
43            android:name="br.com.gruporcarvalho.avarias.MainActivity"
43-->src/main/AndroidManifest.xml:17:13-41
44            android:configChanges="orientation|keyboardHidden|keyboard|screenSize|smallestScreenSize|locale|layoutDirection|fontScale|screenLayout|density|uiMode"
44-->src/main/AndroidManifest.xml:20:13-163
45            android:hardwareAccelerated="true"
45-->src/main/AndroidManifest.xml:21:13-47
46            android:launchMode="singleTop"
46-->src/main/AndroidManifest.xml:18:13-43
47            android:theme="@style/LaunchTheme"
47-->src/main/AndroidManifest.xml:19:13-47
48            android:windowSoftInputMode="adjustResize" >
48-->src/main/AndroidManifest.xml:22:13-55
49
50            <!--
51                 Specifies an Android theme to apply to this Activity as soon as
52                 the Android process has started. This theme is visible to the user
53                 while the Flutter UI initializes. After that, this theme continues
54                 to determine the Window background behind the Flutter UI.
55            -->
56            <meta-data
56-->src/main/AndroidManifest.xml:27:13-30:17
57                android:name="io.flutter.embedding.android.NormalTheme"
57-->src/main/AndroidManifest.xml:28:15-70
58                android:resource="@style/NormalTheme" />
58-->src/main/AndroidManifest.xml:29:15-52
59            <!--
60                 Displays an Android View that continues showing the launch screen
61                 Drawable until Flutter paints its first frame, then this splash
62                 screen fades out. A splash screen is useful to avoid any visual
63                 gap between the end of Android's launch screen and the painting of
64                 Flutter's first frame.
65            -->
66            <meta-data
66-->src/main/AndroidManifest.xml:36:13-39:17
67                android:name="io.flutter.embedding.android.SplashScreenDrawable"
67-->src/main/AndroidManifest.xml:37:15-79
68                android:resource="@drawable/launch_background" />
68-->src/main/AndroidManifest.xml:38:15-61
69
70            <intent-filter>
70-->src/main/AndroidManifest.xml:40:13-43:29
71                <action android:name="android.intent.action.MAIN" />
71-->src/main/AndroidManifest.xml:41:17-68
71-->src/main/AndroidManifest.xml:41:25-66
72
73                <category android:name="android.intent.category.LAUNCHER" />
73-->src/main/AndroidManifest.xml:42:17-76
73-->src/main/AndroidManifest.xml:42:27-74
74            </intent-filter>
75        </activity>
76        <!--
77             Don't delete the meta-data below.
78             This is used by the Flutter tool to generate GeneratedPluginRegistrant.java
79        -->
80        <meta-data
80-->src/main/AndroidManifest.xml:47:9-49:33
81            android:name="flutterEmbedding"
81-->src/main/AndroidManifest.xml:48:13-44
82            android:value="2" />
82-->src/main/AndroidManifest.xml:49:13-30
83
84        <activity
84-->[com.google.android.gms:play-services-base:16.0.1] AndroidManifest.xml:23:9-26:75
85            android:name="com.google.android.gms.common.api.GoogleApiActivity"
85-->[com.google.android.gms:play-services-base:16.0.1] AndroidManifest.xml:24:13-79
86            android:exported="false"
86-->[com.google.android.gms:play-services-base:16.0.1] AndroidManifest.xml:25:13-37
87            android:theme="@android:style/Theme.Translucent.NoTitleBar" />
87-->[com.google.android.gms:play-services-base:16.0.1] AndroidManifest.xml:26:13-72
88    </application>
89
90</manifest>